<?xml version="1.0" encoding="UTF-8"?>
<!-- Generated by org.testng.reporters.JUnitReportReporter -->
<testsuite hostname="DESKTOP-L4KA37L" failures="0" tests="3" name="com.wiki.qa.testcases.SearchPageTest" time="3.790" errors="0" timestamp="07 Sep 2021 17:25:14 GMT" skipped="0">
  <testcase classname="com.wiki.qa.testcases.SearchPageTest" name="SearchPageTitleTest" time="0.441"/>
  <testcase classname="com.wiki.qa.testcases.SearchPageTest" name="searchBtnClick" time="1.387"/>
  <testcase classname="com.wiki.qa.testcases.SearchPageTest" name="CalinkClickTest" time="1.962"/>
</testsuite> <!-- com.wiki.qa.testcases.SearchPageTest -->
