<?xml version="1.0" encoding="UTF-8"?>
<!-- Generated by org.testng.reporters.JUnitReportReporter -->
<testsuite hostname="DESKTOP-L4KA37L" failures="0" tests="3" name="com.wiki.qa.testcases.HomePageTest" time="4.237" errors="0" timestamp="07 Sep 2021 16:46:56 GMT" skipped="0">
  <testcase classname="com.wiki.qa.testcases.HomePageTest" name="pageTitleTest" time="0.024"/>
  <testcase classname="com.wiki.qa.testcases.HomePageTest" name="elementsEnabledTest" time="0.159"/>
  <testcase classname="com.wiki.qa.testcases.HomePageTest" name="EntertextTest" time="4.054"/>
</testsuite> <!-- com.wiki.qa.testcases.HomePageTest -->
