<?xml version="1.0" encoding="UTF-8"?>
<!-- Generated by org.testng.reporters.JUnitReportReporter -->
<testsuite hostname="DESKTOP-L4KA37L" failures="0" tests="2" name="com.wiki.qa.testcases.CreateAccountTest" time="4.207" errors="0" timestamp="07 Sep 2021 17:52:51 GMT" skipped="0">
  <testcase classname="com.wiki.qa.testcases.CreateAccountTest" name="CreateAccountPageInputTest" time="0.880"/>
  <testcase classname="com.wiki.qa.testcases.CreateAccountTest" name="uploadfileclickTest" time="3.327"/>
</testsuite> <!-- com.wiki.qa.testcases.CreateAccountTest -->
